<?xml version="1.0" encoding="UTF-8"?>
<!-- Generated by org.testng.reporters.JUnitReportReporter -->
<testsuite skipped="0" hostname="IN-FDYMMH2-10" name="qaclickacademy.APITest" tests="2" failures="0" timestamp="15 Apr 2019 12:42:59 GMT" time="0.009" errors="0">
  <testcase name="deleteTestCaseTwitter" time="0.009" classname="qaclickacademy.APITest"/>
  <testcase name="postJira" time="0.000" classname="qaclickacademy.APITest"/>
</testsuite> <!-- qaclickacademy.APITest -->
