<?xml version="1.0" encoding="UTF-8"?>
<!-- Generated by org.testng.reporters.JUnitReportReporter -->
<testsuite skipped="0" hostname="IN-FDYMMH2-10" name="qaclickacademy.Selenium" tests="2" failures="0" timestamp="15 Apr 2019 12:55:55 GMT" time="0.002" errors="0">
  <testcase name="elementUI" time="0.000" classname="qaclickacademy.Selenium"/>
  <testcase name="browserAutomation" time="0.002" classname="qaclickacademy.Selenium"/>
</testsuite> <!-- qaclickacademy.Selenium -->
