<?xml version="1.0" encoding="UTF-8"?>
<!-- Generated by org.testng.reporters.JUnitReportReporter -->
<testsuite skipped="0" hostname="IN-FDYMMH2-10" name="qaclickacademy.APITest" tests="2" failures="0" timestamp="15 Apr 2019 12:55:55 GMT" time="0.011" errors="0">
  <testcase name="postJira" time="0.001" classname="qaclickacademy.APITest"/>
  <testcase name="deleteTestCaseTwitter" time="0.010" classname="qaclickacademy.APITest"/>
</testsuite> <!-- qaclickacademy.APITest -->
